#
# A fatal error has been detected by the Java Runtime Environment:
#
#  EXCEPTION_ACCESS_VIOLATION (0xc0000005) at pc=0x000000005ebc4b9b, pid=1536, tid=3048
#
# JRE version: Java(TM) SE Runtime Environment (7.0_80-b15) (build 1.7.0_80-b15)
# Java VM: Java HotSpot(TM) 64-Bit Server VM (24.80-b11 mixed mode windows-amd64 compressed oops)
# Problematic frame:
# V  [jvm.dll+0x144b9b]
#
# Failed to write core dump. Minidumps are not enabled by default on client versions of Windows
#
# If you would like to submit a bug report, please visit:
#   http://bugreport.java.com/bugreport/crash.jsp
#

---------------  T H R E A D  ---------------

Current thread (0x000000000ab66000):  JavaThread "JDWP Transport Listener: dt_socket" daemon [_thread_in_vm, id=3048, stack(0x000000000b3a0000,0x000000000b4a0000)]

siginfo: ExceptionCode=0xc0000005, reading address 0x00003b676e697274

Registers:
RAX=0x000000000b49f601, RBX=0x000000000ab66000, RCX=0x00003b676e697274, RDX=0x0000000000000000
RSP=0x000000000b49f5c0, RBP=0x00003b676e697274, RSI=0x000000000b49f6d8, RDI=0x0000000000338c40
R8 =0x000000000ab66000, R9 =0x0000000000000700, R10=0x0000000000000000, R11=0x000003a900bc0018
R12=0x0000000000000000, R13=0x000000000973a778, R14=0x0000000000000000, R15=0x0000000000000000
RIP=0x000000005ebc4b9b, EFLAGS=0x0000000000010206

Top of Stack: (sp=0x000000000b49f5c0)
0x000000000b49f5c0:   000000000ab66000 0000000000000004
0x000000000b49f5d0:   000000000b49f688 000000005ed677d9
0x000000000b49f5e0:   000000000ab66000 000000005ed85382
0x000000000b49f5f0:   0000000000000000 0000000062738e8d
0x000000000b49f600:   000000000ab97bd0 0000000062742666
0x000000000b49f610:   000000000ab66000 0000000000000000
0x000000000b49f620:   0000000000000000 0000000000000000
0x000000000b49f630:   00003b676e697274 000000006274175d
0x000000000b49f640:   000000000b49f6d8 000000000b49f6b0
0x000000000b49f650:   0000000000000001 000000000ab97bd0
0x000000000b49f660:   00003b676e697274 00000000627253b3
0x000000000b49f670:   000000000b49f7a0 0000000000000001
0x000000000b49f680:   0000000000000001 000000000ab97bd0
0x000000000b49f690:   0000000000000009 0000000000000000
0x000000000b49f6a0:   0000000000000000 0000000000000000
0x000000000b49f6b0:   0000000000000001 0000000062725571 

Instructions: (pc=0x000000005ebc4b9b)
0x000000005ebc4b7b:   48 8b 5c 24 30 48 89 47 18 48 83 c4 20 5f c3 cc
0x000000005ebc4b8b:   cc cc cc cc cc 40 53 48 83 ec 20 48 85 c9 74 54
0x000000005ebc4b9b:   48 8b 19 48 85 db 74 4c 48 b8 fe fe fe fe fe fe
0x000000005ebc4bab:   fe fe 48 3b d8 74 3d 80 3d 57 56 61 00 00 74 15 


Register to memory mapping:

RAX=0x000000000b49f601 is pointing into the stack for thread: 0x000000000ab66000
RBX=0x000000000ab66000 is a thread
RCX=0x00003b676e697274 is an unknown value
RDX=0x0000000000000000 is an unknown value
RSP=0x000000000b49f5c0 is pointing into the stack for thread: 0x000000000ab66000
RBP=0x00003b676e697274 is an unknown value
RSI=0x000000000b49f6d8 is pointing into the stack for thread: 0x000000000ab66000
RDI=0x0000000000338c40 is an unknown value
R8 =0x000000000ab66000 is a thread
R9 =0x0000000000000700 is an unknown value
R10=0x0000000000000000 is an unknown value
R11=0x000003a900bc0018 is an unknown value
R12=0x0000000000000000 is an unknown value
R13=0x000000000973a778 is an unknown value
R14=0x0000000000000000 is an unknown value
R15=0x0000000000000000 is an unknown value


Stack: [0x000000000b3a0000,0x000000000b4a0000],  sp=0x000000000b49f5c0,  free space=1021k
Native frames: (J=compiled Java code, j=interpreted, Vv=VM code, C=native code)
V  [jvm.dll+0x144b9b]


---------------  P R O C E S S  ---------------

Java Threads: ( => current thread )
  0x000000000aba6000 JavaThread "Service Thread" daemon [_thread_blocked, id=5448, stack(0x000000000ba30000,0x000000000bb30000)]
  0x000000000ab8d800 JavaThread "C2 CompilerThread1" daemon [_thread_blocked, id=5436, stack(0x000000000b4b0000,0x000000000b5b0000)]
  0x000000000ab91000 JavaThread "C2 CompilerThread0" daemon [_thread_blocked, id=1164, stack(0x000000000b8e0000,0x000000000b9e0000)]
  0x000000000ab78000 JavaThread "JDWP Command Reader" daemon [_thread_in_native, id=6616, stack(0x000000000b720000,0x000000000b820000)]
  0x000000000ab71800 JavaThread "JDWP Event Helper Thread" daemon [_thread_blocked, id=4340, stack(0x000000000b5c0000,0x000000000b6c0000)]
=>0x000000000ab66000 JavaThread "JDWP Transport Listener: dt_socket" daemon [_thread_in_vm, id=3048, stack(0x000000000b3a0000,0x000000000b4a0000)]
  0x000000000973f000 JavaThread "Attach Listener" daemon [_thread_blocked, id=1948, stack(0x000000000b040000,0x000000000b140000)]
  0x0000000009723800 JavaThread "Signal Dispatcher" daemon [_thread_blocked, id=5920, stack(0x000000000a8d0000,0x000000000a9d0000)]
  0x00000000096c5800 JavaThread "Finalizer" daemon [_thread_blocked, id=2804, stack(0x000000000aa60000,0x000000000ab60000)]
  0x00000000096c4000 JavaThread "Reference Handler" daemon [_thread_blocked, id=4004, stack(0x000000000a790000,0x000000000a890000)]
  0x00000000020ab800 JavaThread "main" [_thread_blocked, id=5872, stack(0x00000000023a0000,0x00000000024a0000)]

Other Threads:
  0x00000000096be000 VMThread [stack: 0x000000000a650000,0x000000000a750000] [id=5276]
  0x000000000abaf000 WatcherThread [stack: 0x000000000b250000,0x000000000b350000] [id=2452]

VM state:not at safepoint (normal execution)

VM Mutex/Monitor currently owned by a thread: None

Heap
 PSYoungGen      total 28672K, used 2509K [0x00000000e0700000, 0x00000000e2680000, 0x0000000100000000)
  eden space 25088K, 10% used [0x00000000e0700000,0x00000000e0973530,0x00000000e1f80000)
  from space 3584K, 0% used [0x00000000e2300000,0x00000000e2300000,0x00000000e2680000)
  to   space 3584K, 0% used [0x00000000e1f80000,0x00000000e1f80000,0x00000000e2300000)
 ParOldGen       total 64512K, used 0K [0x00000000a1600000, 0x00000000a5500000, 0x00000000e0700000)
  object space 64512K, 0% used [0x00000000a1600000,0x00000000a1600000,0x00000000a5500000)
 PSPermGen       total 21504K, used 2989K [0x000000009c400000, 0x000000009d900000, 0x00000000a1600000)
  object space 21504K, 13% used [0x000000009c400000,0x000000009c6eb740,0x000000009d900000)

Card table byte_map: [0x00000000054a0000,0x00000000057c0000] byte_map_base: 0x0000000004fbe000

Polling page: 0x0000000000310000

Code Cache  [0x00000000024a0000, 0x0000000002710000, 0x00000000054a0000)
 total_blobs=184 nmethods=6 adapters=139 free_code_cache=48762Kb largest_free_block=49910336

Compilation events (10 events):
Event: 0.293 Thread 0x000000000ab91000 nmethod 1 0x00000000024fe8d0 code [0x00000000024fea20, 0x00000000024feb98]
Event: 0.301 Thread 0x000000000ab91000    3             java.lang.String::charAt (29 bytes)
Event: 0.302 Thread 0x000000000ab91000 nmethod 3 0x0000000002502110 code [0x0000000002502260, 0x0000000002502338]
Event: 0.302 Thread 0x000000000ab91000    4             java.lang.String::lastIndexOf (52 bytes)
Event: 0.304 Thread 0x000000000ab91000 nmethod 4 0x0000000002501d50 code [0x0000000002501ea0, 0x0000000002502018]
Event: 0.304 Thread 0x000000000ab91000    5             java.io.Win32FileSystem::normalize (143 bytes)
Event: 0.307 Thread 0x000000000ab8d800 nmethod 2 0x00000000024fe290 code [0x00000000024fe3e0, 0x00000000024fe5b8]
Event: 0.310 Thread 0x000000000ab8d800    6             java.lang.String::indexOf (166 bytes)
Event: 0.312 Thread 0x000000000ab91000 nmethod 5 0x00000000025010d0 code [0x0000000002501240, 0x0000000002501698]
Event: 0.320 Thread 0x000000000ab8d800 nmethod 6 0x00000000025048d0 code [0x0000000002504a20, 0x0000000002504eb8]

GC Heap History (0 events):
No events

Deoptimization events (1 events):
Event: 0.316 Thread 0x00000000020ab800 Uncommon trap: reason=unstable_if action=reinterpret pc=0x00000000024feb6c method=java.lang.String.hashCode()I @ 14

Internal exceptions (2 events):
Event: 0.086 Thread 0x00000000020ab800 Threw 0x00000000e070f650 at C:\re\jdk7u80\2329\hotspot\src\share\vm\prims\jni.cpp:3991
Event: 0.291 Thread 0x00000000020ab800 Threw 0x00000000e086f528 at C:\re\jdk7u80\2329\hotspot\src\share\vm\prims\jvm.cpp:1319

Events (10 events):
Event: 779.363 Executing VM operation: ChangeBreakpoints
Event: 779.363 Executing VM operation: ChangeBreakpoints done
Event: 779.367 Executing VM operation: RedefineClasses
Event: 779.367 Executing VM operation: RedefineClasses done
Event: 779.404 Executing VM operation: ChangeBreakpoints
Event: 779.404 Executing VM operation: ChangeBreakpoints done
Event: 2196.938 Executing VM operation: ChangeBreakpoints
Event: 2196.939 Executing VM operation: ChangeBreakpoints done
Event: 2654.704 Executing VM operation: RedefineClasses
Event: 2654.704 Executing VM operation: RedefineClasses done


Dynamic libraries:
0x000000013f390000 - 0x000000013f3c3000 	C:\Program Files\Java\jdk1.7.0_80\bin\java.exe
0x0000000077b60000 - 0x0000000077d0a000 	C:\Windows\SYSTEM32\ntdll.dll
0x0000000077940000 - 0x0000000077a5f000 	C:\Windows\system32\kernel32.dll
0x000007fefd950000 - 0x000007fefd9ba000 	C:\Windows\system32\KERNELBASE.dll
0x000007fefed30000 - 0x000007fefee0b000 	C:\Windows\system32\ADVAPI32.dll
0x000007feff860000 - 0x000007feff8ff000 	C:\Windows\system32\msvcrt.dll
0x000007fefecc0000 - 0x000007fefecdf000 	C:\Windows\SYSTEM32\sechost.dll
0x000007feffc40000 - 0x000007feffd6d000 	C:\Windows\system32\RPCRT4.dll
0x0000000077a60000 - 0x0000000077b5a000 	C:\Windows\system32\USER32.dll
0x000007feff900000 - 0x000007feff967000 	C:\Windows\system32\GDI32.dll
0x000007fefeeb0000 - 0x000007fefeebe000 	C:\Windows\system32\LPK.dll
0x000007fefde60000 - 0x000007fefdf2a000 	C:\Windows\system32\USP10.dll
0x000007fefc310000 - 0x000007fefc504000 	C:\Windows\WinSxS\amd64_microsoft.windows.common-controls_6595b64144ccf1df_6.0.7601.17514_none_fa396087175ac9ac\COMCTL32.dll
0x000007feff3d0000 - 0x000007feff441000 	C:\Windows\system32\SHLWAPI.dll
0x000007feff830000 - 0x000007feff85e000 	C:\Windows\system32\IMM32.DLL
0x000007feff720000 - 0x000007feff829000 	C:\Windows\system32\MSCTF.dll
0x0000000062610000 - 0x00000000626e2000 	C:\Program Files\Java\jdk1.7.0_80\jre\bin\msvcr100.dll
0x000000005ea80000 - 0x000000005f259000 	C:\Program Files\Java\jdk1.7.0_80\jre\bin\server\jvm.dll
0x000007fef9940000 - 0x000007fef9949000 	C:\Windows\system32\WSOCK32.dll
0x000007fefece0000 - 0x000007fefed2d000 	C:\Windows\system32\WS2_32.dll
0x000007feff4d0000 - 0x000007feff4d8000 	C:\Windows\system32\NSI.dll
0x000007fefb8d0000 - 0x000007fefb90b000 	C:\Windows\system32\WINMM.dll
0x0000000077d20000 - 0x0000000077d27000 	C:\Windows\system32\PSAPI.DLL
0x0000000074160000 - 0x000000007416f000 	C:\Program Files\Java\jdk1.7.0_80\jre\bin\verify.dll
0x00000000627a0000 - 0x00000000627c8000 	C:\Program Files\Java\jdk1.7.0_80\jre\bin\java.dll
0x0000000062720000 - 0x0000000062755000 	C:\Program Files\Java\jdk1.7.0_80\jre\bin\jdwp.dll
0x00000000708e0000 - 0x00000000708e8000 	C:\Program Files\Java\jdk1.7.0_80\jre\bin\npt.dll
0x0000000062780000 - 0x0000000062796000 	C:\Program Files\Java\jdk1.7.0_80\jre\bin\zip.dll
0x0000000074180000 - 0x0000000074189000 	C:\Program Files\Java\jdk1.7.0_80\jre\bin\dt_socket.dll
0x000007fefd0f0000 - 0x000007fefd145000 	C:\Windows\system32\mswsock.dll
0x000007fefcaa0000 - 0x000007fefcaa7000 	C:\Windows\System32\wshtcpip.dll
0x000007fef9bc0000 - 0x000007fef9ce5000 	C:\Windows\system32\dbghelp.dll

VM Arguments:
jvm_args: -agentlib:jdwp=transport=dt_socket,address=127.0.0.1:4163,suspend=y,server=n -Dfile.encoding=UTF-8 
java_command: UnZipTest
Launcher Type: SUN_STANDARD

Environment Variables:
JAVA_HOME=D:\java\jdk1.8.0
CLASSPATH=.;D:\java\jdk1.8.0\lib\tools.jar;D:\java\jdk1.8.0\lib\dt.jar;D:\java\jdk1.8.0\bin;
PATH=D:\app\lindanghong\product\11.2.0\dbhome_1\bin;C:\Program Files (x86)\AMD APP\bin\x86_64;C:\Program Files (x86)\AMD APP\bin\x86;C:\Windows\system32;C:\Windows;C:\Windows\System32\Wbem;C:\Windows\System32\WindowsPowerShell\v1.0\;D:\java\jdk1.8.0\bin;D:\adt-bundle-windows-x86_64-20140702\sdk\platform-tools;D:\adt-bundle-windows-x86_64-20140702\sdk\tools;C:\Program Files\TortoiseSVN\bin.;D:\java\jdk1.8.0\lib\dt.jar;D:\java\jdk1.8.0\lib\tools.jar;C:\Program Files (x86)\ATI Technologies\ATI.ACE\Core-Static;D:\java\jdk1.8.0\bin;.;D:\java\jdk1.8.0\lib\dt.jar;D:\java\jdk1.8.0\lib\tools.jar;C:\Program Files\PuTTY\;C:\Program Files\nodejs\;C:\Users\lindanghong\AppData\Local\GitHubDesktop\bin;C:\Users\lindanghong\AppData\Roaming\npm;C:\Program Files (x86)\MyDrivers\DriverGenius;C:\Program Files (x86)\MyDrivers\DriverGenius\ksoft
USERNAME=lindanghong
OS=Windows_NT
PROCESSOR_IDENTIFIER=Intel64 Family 6 Model 42 Stepping 7, GenuineIntel



---------------  S Y S T E M  ---------------

OS: Windows 7 , 64 bit Build 7601 Service Pack 1

CPU:total 4 (2 cores per cpu, 2 threads per core) family 6 model 42 stepping 7, cmov, cx8, fxsr, mmx, sse, sse2, sse3, ssse3, sse4.1, sse4.2, popcnt, avx, aes, ht, tsc, tscinvbit

Memory: 4k page, physical 6200560k(740544k free), swap 12399260k(6006644k free)

vm_info: Java HotSpot(TM) 64-Bit Server VM (24.80-b11) for windows-amd64 JRE (1.7.0_80-b15), built on Apr 10 2015 11:26:34 by "java_re" with unknown MS VC++:1600

time: Thu Jun 14 10:50:08 2018
elapsed time: 2654 seconds

